\BOOKMARK [1][-]{section.1}{\376\377\004\027\004\060\004\064\004\060\004\075\004\070\004\065\000.\000\040\004\022\004\065\004\111\004\065\004\101\004\102\004\062\004\065\004\075\004\075\004\076\004\065\000.}{}% 1
\BOOKMARK [2][-]{subsection.1.1}{\376\377\004\037\004\100\004\117\004\074\004\076\004\103\004\063\004\076\004\073\004\114\004\075\004\060\004\117\000\040\004\104\004\103\004\075\004\072\004\106\004\070\004\117}{section.1}% 2
\BOOKMARK [3][-]{subsubsection.1.1.1}{\376\377\004\020\004\075\004\060\004\073\004\070\004\102\004\070\004\107\004\065\004\101\004\072\004\076\004\065\000\040\004\062\004\113\004\100\004\060\004\066\004\065\004\075\004\070\004\065\000\040\004\044\004\103\004\100\004\114\004\065\000-\004\076\004\061\004\100\004\060\004\067\004\060}{subsection.1.1}% 3
\BOOKMARK [3][-]{subsubsection.1.1.2}{\376\377\004\037\004\076\004\101\004\102\004\100\004\076\004\065\004\075\004\070\004\065\000\040\004\063\004\100\004\060\004\104\004\070\004\072\004\076\004\062\000\040\004\104\004\103\004\075\004\072\004\106\004\070\004\070\000\040\000f\000\050\000t\000\051}{subsection.1.1}% 4
\BOOKMARK [3][-]{subsubsection.1.1.3}{\376\377\004\037\004\076\004\101\004\102\004\100\004\076\004\065\004\075\004\070\004\065\000\040\004\063\004\100\004\060\004\104\004\070\004\072\004\076\004\062\000\040\004\044\004\103\004\100\004\114\004\065\000-\004\076\004\061\004\100\004\060\004\067\004\060\000\040\000\040\000\050\000\051}{subsection.1.1}% 5
\BOOKMARK [3][-]{subsubsection.1.1.4}{\376\377\004\037\004\100\004\076\004\062\004\065\004\100\004\072\004\060\000\040\004\100\004\060\004\062\004\065\004\075\004\101\004\102\004\062\004\060\000\040\004\037\004\060\004\100\004\101\004\065\004\062\004\060\004\073\004\117}{subsection.1.1}% 6
\BOOKMARK [3][-]{subsubsection.1.1.5}{\376\377\004\020\004\075\004\060\004\073\004\070\004\067\000\040\004\100\004\065\004\067\004\103\004\073\004\114\004\102\004\060\004\102\004\076\004\062}{subsection.1.1}% 7
\BOOKMARK [2][-]{subsection.1.2}{\376\377\004\042\004\100\004\065\004\103\004\063\004\076\004\073\004\114\004\075\004\060\004\117\000\040\004\104\004\103\004\075\004\072\004\106\004\070\004\117}{section.1}% 8
\BOOKMARK [3][-]{subsubsection.1.2.1}{\376\377\004\020\004\075\004\060\004\073\004\070\004\102\004\070\004\107\004\065\004\101\004\072\004\076\004\065\000\040\004\062\004\113\004\100\004\060\004\066\004\065\004\075\004\070\004\065\000\040\004\044\004\103\004\100\004\114\004\065\000-\004\076\004\061\004\100\004\060\004\067\004\060}{subsection.1.2}% 9
\BOOKMARK [3][-]{subsubsection.1.2.2}{\376\377\004\037\004\076\004\101\004\102\004\100\004\076\004\065\004\075\004\070\004\065\000\040\004\063\004\100\004\060\004\104\004\070\004\072\004\076\004\062\000\040\004\104\004\103\004\075\004\072\004\106\004\070\004\070\000\040\000f\000\050\000t\000\051}{subsection.1.2}% 10
\BOOKMARK [3][-]{subsubsection.1.2.3}{\376\377\004\037\004\076\004\101\004\102\004\100\004\076\004\065\004\075\004\070\004\065\000\040\004\063\004\100\004\060\004\104\004\070\004\072\004\076\004\062\000\040\004\044\004\103\004\100\004\114\004\065\000-\004\076\004\061\004\100\004\060\004\067\004\060\000\040\000\040\000\050\000\051}{subsection.1.2}% 11
\BOOKMARK [3][-]{subsubsection.1.2.4}{\376\377\004\037\004\100\004\076\004\062\004\065\004\100\004\072\004\060\000\040\004\100\004\060\004\062\004\065\004\075\004\101\004\102\004\062\004\060\000\040\004\037\004\060\004\100\004\101\004\065\004\062\004\060\004\073\004\117}{subsection.1.2}% 12
\BOOKMARK [3][-]{subsubsection.1.2.5}{\376\377\004\020\004\075\004\060\004\073\004\070\004\067\000\040\004\100\004\065\004\067\004\103\004\073\004\114\004\102\004\060\004\102\004\076\004\062}{subsection.1.2}% 13
\BOOKMARK [2][-]{subsection.1.3}{\376\377\004\032\004\060\004\100\004\064\004\070\004\075\004\060\004\073\004\114\004\075\004\113\004\071\000\040\004\101\004\070\004\075\004\103\004\101}{section.1}% 14
\BOOKMARK [3][-]{subsubsection.1.3.1}{\376\377\004\020\004\075\004\060\004\073\004\070\004\102\004\070\004\107\004\065\004\101\004\072\004\076\004\065\000\040\004\062\004\113\004\100\004\060\004\066\004\065\004\075\004\070\004\065\000\040\004\044\004\103\004\100\004\114\004\065\000-\004\076\004\061\004\100\004\060\004\067\004\060}{subsection.1.3}% 15
\BOOKMARK [3][-]{subsubsection.1.3.2}{\376\377\004\037\004\076\004\101\004\102\004\100\004\076\004\065\004\075\004\070\004\065\000\040\004\063\004\100\004\060\004\104\004\070\004\072\004\076\004\062\000\040\004\104\004\103\004\075\004\072\004\106\004\070\004\070\000\040\000f\000\050\000t\000\051}{subsection.1.3}% 16
\BOOKMARK [3][-]{subsubsection.1.3.3}{\376\377\004\037\004\076\004\101\004\102\004\100\004\076\004\065\004\075\004\070\004\065\000\040\004\063\004\100\004\060\004\104\004\070\004\072\004\076\004\062\000\040\004\044\004\103\004\100\004\114\004\065\000-\004\076\004\061\004\100\004\060\004\067\004\060\000\040\000\040\000\050\000\051}{subsection.1.3}% 17
\BOOKMARK [3][-]{subsubsection.1.3.4}{\376\377\004\037\004\100\004\076\004\062\004\065\004\100\004\072\004\060\000\040\004\100\004\060\004\062\004\065\004\075\004\101\004\102\004\062\004\060\000\040\004\037\004\060\004\100\004\101\004\065\004\062\004\060\004\073\004\117}{subsection.1.3}% 18
\BOOKMARK [3][-]{subsubsection.1.3.5}{\376\377\004\020\004\075\004\060\004\073\004\070\004\067\000\040\004\100\004\065\004\067\004\103\004\073\004\114\004\102\004\060\004\102\004\076\004\062}{subsection.1.3}% 19
\BOOKMARK [2][-]{subsection.1.4}{\376\377\004\044\004\103\004\075\004\072\004\106\004\070\004\117\000\040\004\023\004\060\004\103\004\101\004\101\004\060}{section.1}% 20
\BOOKMARK [3][-]{subsubsection.1.4.1}{\376\377\004\020\004\075\004\060\004\073\004\070\004\102\004\070\004\107\004\065\004\101\004\072\004\076\004\065\000\040\004\062\004\113\004\100\004\060\004\066\004\065\004\075\004\070\004\065\000\040\004\044\004\103\004\100\004\114\004\065\000-\004\076\004\061\004\100\004\060\004\067\004\060}{subsection.1.4}% 21
\BOOKMARK [3][-]{subsubsection.1.4.2}{\376\377\004\037\004\076\004\101\004\102\004\100\004\076\004\065\004\075\004\070\004\065\000\040\004\063\004\100\004\060\004\104\004\070\004\072\004\076\004\062\000\040\004\104\004\103\004\075\004\072\004\106\004\070\004\070\000\040\000f\000\050\000t\000\051}{subsection.1.4}% 22
\BOOKMARK [3][-]{subsubsection.1.4.3}{\376\377\004\037\004\076\004\101\004\102\004\100\004\076\004\065\004\075\004\070\004\065\000\040\004\063\004\100\004\060\004\104\004\070\004\072\004\076\004\062\000\040\004\044\004\103\004\100\004\114\004\065\000-\004\076\004\061\004\100\004\060\004\067\004\060\000\040\000\040\000\050\000\051}{subsection.1.4}% 23
\BOOKMARK [3][-]{subsubsection.1.4.4}{\376\377\004\037\004\100\004\076\004\062\004\065\004\100\004\072\004\060\000\040\004\100\004\060\004\062\004\065\004\075\004\101\004\102\004\062\004\060\000\040\004\037\004\060\004\100\004\101\004\065\004\062\004\060\004\073\004\117}{subsection.1.4}% 24
\BOOKMARK [3][-]{subsubsection.1.4.5}{\376\377\004\020\004\075\004\060\004\073\004\070\004\067\000\040\004\100\004\065\004\067\004\103\004\073\004\114\004\102\004\060\004\102\004\076\004\062}{subsection.1.4}% 25
\BOOKMARK [2][-]{subsection.1.5}{\376\377\004\024\004\062\004\103\004\101\004\102\004\076\004\100\004\076\004\075\004\075\004\065\004\065\000\040\004\067\004\060\004\102\004\103\004\105\004\060\004\075\004\070\004\065}{section.1}% 26
\BOOKMARK [3][-]{subsubsection.1.5.1}{\376\377\004\020\004\075\004\060\004\073\004\070\004\102\004\070\004\107\004\065\004\101\004\072\004\076\004\065\000\040\004\062\004\113\004\100\004\060\004\066\004\065\004\075\004\070\004\065\000\040\004\044\004\103\004\100\004\114\004\065\000-\004\076\004\061\004\100\004\060\004\067\004\060}{subsection.1.5}% 27
\BOOKMARK [3][-]{subsubsection.1.5.2}{\376\377\004\037\004\076\004\101\004\102\004\100\004\076\004\065\004\075\004\070\004\065\000\040\004\063\004\100\004\060\004\104\004\070\004\072\004\076\004\062\000\040\004\104\004\103\004\075\004\072\004\106\004\070\004\070\000\040\000f\000\050\000t\000\051}{subsection.1.5}% 28
\BOOKMARK [3][-]{subsubsection.1.5.3}{\376\377\004\037\004\076\004\101\004\102\004\100\004\076\004\065\004\075\004\070\004\065\000\040\004\063\004\100\004\060\004\104\004\070\004\072\004\076\004\062\000\040\004\044\004\103\004\100\004\114\004\065\000-\004\076\004\061\004\100\004\060\004\067\004\060\000\040\000\040\000\050\000\051}{subsection.1.5}% 29
\BOOKMARK [3][-]{subsubsection.1.5.4}{\376\377\004\037\004\100\004\076\004\062\004\065\004\100\004\072\004\060\000\040\004\100\004\060\004\062\004\065\004\075\004\101\004\102\004\062\004\060\000\040\004\037\004\060\004\100\004\101\004\065\004\062\004\060\004\073\004\117}{subsection.1.5}% 30
\BOOKMARK [3][-]{subsubsection.1.5.5}{\376\377\004\020\004\075\004\060\004\073\004\070\004\067\000\040\004\100\004\065\004\067\004\103\004\073\004\114\004\102\004\060\004\102\004\076\004\062}{subsection.1.5}% 31
\BOOKMARK [1][-]{section.2}{\376\377\004\027\004\060\004\064\004\060\004\075\004\070\004\065\000.\000\040\004\032\004\076\004\074\004\077\004\073\004\065\004\072\004\101\004\075\004\076\004\065\000.}{}% 32
